{"C:\\Users\\rjpva\\Documents\\school\\Stage\\tweede stage\\Stage bij Developing\\Developing opdrachten\\AutoDash\\AutoDash\\autodash\\src\\components\\ErrorMessage.jsx": {"path":"C:\\Users\\rjpva\\Documents\\school\\Stage\\tweede stage\\Stage bij Developing\\Developing opdrachten\\AutoDash\\AutoDash\\autodash\\src\\components\\ErrorMessage.jsx","statementMap":{"0":{"start":{"line":9,"column":2},"end":{"line":35,"column":null}}},"fnMap":{"0":{"name":"ErrorMessage","decl":{"start":{"line":7,"column":24},"end":{"line":7,"column":37}},"loc":{"start":{"line":7,"column":59},"end":{"line":35,"column":null}},"line":7}},"branchMap":{"0":{"loc":{"start":{"line":21,"column":7},"end":{"line":35,"column":null}},"type":"binary-expr","locations":[{"start":{"line":21,"column":7},"end":{"line":21,"column":null}},{"start":{"line":23,"column":8},"end":{"line":35,"column":null}}],"line":21}},"s":{"0":2},"f":{"0":2},"b":{"0":[2,1]},"meta":{"lastBranch":1,"lastFunction":1,"lastStatement":1,"seen":{"f:7:24:7:37":0,"s:9:2:35:Infinity":0,"b:21:7:21:Infinity:23:8:35:Infinity":0}}}
,"C:\\Users\\rjpva\\Documents\\school\\Stage\\tweede stage\\Stage bij Developing\\Developing opdrachten\\AutoDash\\AutoDash\\autodash\\src\\components\\Footer.jsx": {"path":"C:\\Users\\rjpva\\Documents\\school\\Stage\\tweede stage\\Stage bij Developing\\Developing opdrachten\\AutoDash\\AutoDash\\autodash\\src\\components\\Footer.jsx","statementMap":{"0":{"start":{"line":6,"column":20},"end":{"line":6,"column":null}},"1":{"start":{"line":8,"column":6},"end":{"line":41,"column":null}},"2":{"start":{"line":9,"column":15},"end":{"line":9,"column":39}},"3":{"start":{"line":11,"column":2},"end":{"line":39,"column":null}},"4":{"start":{"line":45,"column":0},"end":{"line":45,"column":null}}},"fnMap":{"0":{"name":"Footer","decl":{"start":{"line":8,"column":35},"end":{"line":8,"column":42}},"loc":{"start":{"line":8,"column":55},"end":{"line":41,"column":null}},"line":8}},"branchMap":{},"s":{"0":1,"1":1,"2":2,"3":2,"4":1},"f":{"0":2},"b":{},"meta":{"lastBranch":0,"lastFunction":1,"lastStatement":5,"seen":{"s:6:20:6:Infinity":0,"s:8:6:41:Infinity":1,"f:8:35:8:42":0,"s:9:15:9:39":2,"s:11:2:39:Infinity":3,"s:45:0:45:Infinity":4}}}
,"C:\\Users\\rjpva\\Documents\\school\\Stage\\tweede stage\\Stage bij Developing\\Developing opdrachten\\AutoDash\\AutoDash\\autodash\\src\\components\\LoadingSpinner.jsx": {"path":"C:\\Users\\rjpva\\Documents\\school\\Stage\\tweede stage\\Stage bij Developing\\Developing opdrachten\\AutoDash\\AutoDash\\autodash\\src\\components\\LoadingSpinner.jsx","statementMap":{"0":{"start":{"line":3,"column":2},"end":{"line":11,"column":null}}},"fnMap":{"0":{"name":"LoadingSpinner","decl":{"start":{"line":2,"column":24},"end":{"line":2,"column":39}},"loc":{"start":{"line":2,"column":87},"end":{"line":11,"column":null}},"line":2}},"branchMap":{"0":{"loc":{"start":{"line":2,"column":41},"end":{"line":2,"column":68}},"type":"default-arg","locations":[{"start":{"line":2,"column":51},"end":{"line":2,"column":68}}],"line":2},"1":{"loc":{"start":{"line":2,"column":68},"end":{"line":2,"column":87}},"type":"default-arg","locations":[{"start":{"line":2,"column":78},"end":{"line":2,"column":87}}],"line":2},"2":{"loc":{"start":{"line":5,"column":62},"end":{"line":5,"column":null}},"type":"cond-expr","locations":[{"start":{"line":5,"column":72},"end":{"line":5,"column":81}},{"start":{"line":5,"column":81},"end":{"line":5,"column":null}}],"line":5},"3":{"loc":{"start":{"line":11,"column":7},"end":{"line":11,"column":null}},"type":"cond-expr","locations":[{"start":{"line":11,"column":17},"end":{"line":11,"column":null}},{"start":{"line":11,"column":62},"end":{"line":11,"column":null}}],"line":11}},"s":{"0":2},"f":{"0":2},"b":{"0":[2],"1":[2],"2":[0,2],"3":[2,0]},"meta":{"lastBranch":4,"lastFunction":1,"lastStatement":1,"seen":{"f:2:24:2:39":0,"b:2:51:2:68":0,"b:2:78:2:87":1,"s:3:2:11:Infinity":0,"b:5:72:5:81:5:81:5:Infinity":2,"b:11:17:11:Infinity:11:62:11:Infinity":3}}}
,"C:\\Users\\rjpva\\Documents\\school\\Stage\\tweede stage\\Stage bij Developing\\Developing opdrachten\\AutoDash\\AutoDash\\autodash\\src\\utils\\lapStorage.js": {"path":"C:\\Users\\rjpva\\Documents\\school\\Stage\\tweede stage\\Stage bij Developing\\Developing opdrachten\\AutoDash\\AutoDash\\autodash\\src\\utils\\lapStorage.js","statementMap":{"0":{"start":{"line":2,"column":20},"end":{"line":2,"column":null}},"1":{"start":{"line":3,"column":19},"end":{"line":3,"column":null}},"2":{"start":{"line":5,"column":30},"end":{"line":5,"column":null}},"3":{"start":{"line":7,"column":26},"end":{"line":7,"column":null}},"4":{"start":{"line":9,"column":19},"end":{"line":9,"column":null}},"5":{"start":{"line":12,"column":2},"end":{"line":12,"column":null}},"6":{"start":{"line":16,"column":2},"end":{"line":16,"column":null}},"7":{"start":{"line":20,"column":2},"end":{"line":20,"column":null}},"8":{"start":{"line":25,"column":17},"end":{"line":25,"column":67}},"9":{"start":{"line":26,"column":2},"end":{"line":26,"column":null}},"10":{"start":{"line":26,"column":15},"end":{"line":26,"column":null}},"11":{"start":{"line":28,"column":12},"end":{"line":28,"column":null}},"12":{"start":{"line":29,"column":2},"end":{"line":29,"column":null}},"13":{"start":{"line":29,"column":14},"end":{"line":29,"column":null}},"14":{"start":{"line":30,"column":2},"end":{"line":30,"column":null}},"15":{"start":{"line":30,"column":15},"end":{"line":30,"column":null}},"16":{"start":{"line":31,"column":2},"end":{"line":31,"column":null}},"17":{"start":{"line":31,"column":15},"end":{"line":31,"column":null}},"18":{"start":{"line":32,"column":2},"end":{"line":32,"column":null}},"19":{"start":{"line":32,"column":15},"end":{"line":32,"column":null}},"20":{"start":{"line":33,"column":2},"end":{"line":33,"column":null}},"21":{"start":{"line":33,"column":15},"end":{"line":33,"column":null}},"22":{"start":{"line":34,"column":2},"end":{"line":34,"column":null}},"23":{"start":{"line":39,"column":18},"end":{"line":39,"column":44}},"24":{"start":{"line":40,"column":2},"end":{"line":40,"column":null}},"25":{"start":{"line":40,"column":16},"end":{"line":40,"column":null}},"26":{"start":{"line":41,"column":2},"end":{"line":41,"column":null}},"27":{"start":{"line":41,"column":31},"end":{"line":41,"column":null}},"28":{"start":{"line":43,"column":17},"end":{"line":43,"column":43}},"29":{"start":{"line":44,"column":2},"end":{"line":44,"column":null}},"30":{"start":{"line":44,"column":15},"end":{"line":44,"column":null}},"31":{"start":{"line":46,"column":2},"end":{"line":47,"column":null}},"32":{"start":{"line":47,"column":4},"end":{"line":47,"column":null}},"33":{"start":{"line":50,"column":2},"end":{"line":52,"column":null}},"34":{"start":{"line":51,"column":19},"end":{"line":51,"column":60}},"35":{"start":{"line":52,"column":4},"end":{"line":52,"column":null}},"36":{"start":{"line":55,"column":2},"end":{"line":55,"column":null}},"37":{"start":{"line":59,"column":23},"end":{"line":59,"column":56}},"38":{"start":{"line":60,"column":21},"end":{"line":60,"column":38}},"39":{"start":{"line":61,"column":2},"end":{"line":61,"column":null}},"40":{"start":{"line":65,"column":18},"end":{"line":65,"column":45}},"41":{"start":{"line":66,"column":18},"end":{"line":66,"column":45}},"42":{"start":{"line":67,"column":18},"end":{"line":67,"column":54}},"43":{"start":{"line":68,"column":17},"end":{"line":68,"column":null}},"44":{"start":{"line":69,"column":2},"end":{"line":69,"column":null}},"45":{"start":{"line":73,"column":2},"end":{"line":73,"column":null}},"46":{"start":{"line":73,"column":12},"end":{"line":73,"column":null}},"47":{"start":{"line":74,"column":17},"end":{"line":74,"column":32}},"48":{"start":{"line":75,"column":2},"end":{"line":75,"column":null}},"49":{"start":{"line":75,"column":45},"end":{"line":75,"column":null}},"50":{"start":{"line":76,"column":2},"end":{"line":79,"column":null}},"51":{"start":{"line":83,"column":14},"end":{"line":83,"column":46}},"52":{"start":{"line":84,"column":2},"end":{"line":84,"column":null}},"53":{"start":{"line":84,"column":12},"end":{"line":84,"column":null}},"54":{"start":{"line":86,"column":2},"end":{"line":89,"column":null}},"55":{"start":{"line":87,"column":4},"end":{"line":87,"column":null}},"56":{"start":{"line":89,"column":4},"end":{"line":89,"column":null}},"57":{"start":{"line":91,"column":2},"end":{"line":91,"column":null}},"58":{"start":{"line":91,"column":53},"end":{"line":91,"column":null}},"59":{"start":{"line":93,"column":17},"end":{"line":93,"column":19}},"60":{"start":{"line":94,"column":15},"end":{"line":94,"column":17}},"61":{"start":{"line":95,"column":19},"end":{"line":95,"column":28}},"62":{"start":{"line":97,"column":2},"end":{"line":143,"column":null}},"63":{"start":{"line":98,"column":20},"end":{"line":98,"column":null}},"64":{"start":{"line":99,"column":18},"end":{"line":99,"column":null}},"65":{"start":{"line":100,"column":17},"end":{"line":100,"column":null}},"66":{"start":{"line":101,"column":15},"end":{"line":101,"column":52}},"67":{"start":{"line":102,"column":19},"end":{"line":102,"column":null}},"68":{"start":{"line":103,"column":15},"end":{"line":103,"column":null}},"69":{"start":{"line":105,"column":4},"end":{"line":120,"column":null}},"70":{"start":{"line":106,"column":6},"end":{"line":106,"column":null}},"71":{"start":{"line":107,"column":15},"end":{"line":120,"column":null}},"72":{"start":{"line":108,"column":6},"end":{"line":108,"column":null}},"73":{"start":{"line":109,"column":6},"end":{"line":115,"column":null}},"74":{"start":{"line":110,"column":8},"end":{"line":110,"column":null}},"75":{"start":{"line":111,"column":8},"end":{"line":111,"column":null}},"76":{"start":{"line":113,"column":18},"end":{"line":113,"column":83}},"77":{"start":{"line":114,"column":8},"end":{"line":115,"column":null}},"78":{"start":{"line":115,"column":10},"end":{"line":115,"column":null}},"79":{"start":{"line":118,"column":6},"end":{"line":118,"column":null}},"80":{"start":{"line":118,"column":54},"end":{"line":118,"column":null}},"81":{"start":{"line":119,"column":6},"end":{"line":119,"column":null}},"82":{"start":{"line":119,"column":46},"end":{"line":119,"column":null}},"83":{"start":{"line":120,"column":6},"end":{"line":120,"column":null}},"84":{"start":{"line":123,"column":4},"end":{"line":123,"column":null}},"85":{"start":{"line":123,"column":49},"end":{"line":123,"column":null}},"86":{"start":{"line":124,"column":4},"end":{"line":124,"column":null}},"87":{"start":{"line":124,"column":18},"end":{"line":124,"column":null}},"88":{"start":{"line":126,"column":17},"end":{"line":126,"column":46}},"89":{"start":{"line":127,"column":18},"end":{"line":127,"column":36}},"90":{"start":{"line":128,"column":4},"end":{"line":131,"column":null}},"91":{"start":{"line":129,"column":6},"end":{"line":129,"column":null}},"92":{"start":{"line":130,"column":6},"end":{"line":130,"column":null}},"93":{"start":{"line":131,"column":6},"end":{"line":131,"column":null}},"94":{"start":{"line":134,"column":4},"end":{"line":143,"column":null}},"95":{"start":{"line":146,"column":2},"end":{"line":146,"column":null}},"96":{"start":{"line":146,"column":20},"end":{"line":146,"column":null}},"97":{"start":{"line":147,"column":2},"end":{"line":147,"column":null}},"98":{"start":{"line":151,"column":2},"end":{"line":151,"column":null}},"99":{"start":{"line":152,"column":2},"end":{"line":153,"column":null}},"100":{"start":{"line":153,"column":4},"end":{"line":153,"column":null}},"101":{"start":{"line":158,"column":2},"end":{"line":171,"column":null}},"102":{"start":{"line":159,"column":14},"end":{"line":159,"column":47}},"103":{"start":{"line":160,"column":4},"end":{"line":167,"column":null}},"104":{"start":{"line":161,"column":23},"end":{"line":161,"column":46}},"105":{"start":{"line":162,"column":6},"end":{"line":165,"column":null}},"106":{"start":{"line":163,"column":8},"end":{"line":163,"column":null}},"107":{"start":{"line":164,"column":8},"end":{"line":164,"column":null}},"108":{"start":{"line":165,"column":8},"end":{"line":165,"column":null}},"109":{"start":{"line":167,"column":6},"end":{"line":167,"column":null}},"110":{"start":{"line":169,"column":4},"end":{"line":169,"column":null}},"111":{"start":{"line":171,"column":4},"end":{"line":171,"column":null}},"112":{"start":{"line":176,"column":15},"end":{"line":176,"column":44}},"113":{"start":{"line":177,"column":2},"end":{"line":177,"column":null}},"114":{"start":{"line":177,"column":13},"end":{"line":177,"column":null}},"115":{"start":{"line":178,"column":2},"end":{"line":178,"column":null}},"116":{"start":{"line":178,"column":33},"end":{"line":178,"column":69}},"117":{"start":{"line":182,"column":2},"end":{"line":182,"column":null}},"118":{"start":{"line":182,"column":33},"end":{"line":182,"column":50}},"119":{"start":{"line":186,"column":2},"end":{"line":186,"column":null}},"120":{"start":{"line":191,"column":2},"end":{"line":191,"column":null}},"121":{"start":{"line":196,"column":18},"end":{"line":196,"column":48}},"122":{"start":{"line":197,"column":2},"end":{"line":197,"column":null}},"123":{"start":{"line":197,"column":44},"end":{"line":197,"column":null}},"124":{"start":{"line":198,"column":16},"end":{"line":198,"column":36}},"125":{"start":{"line":199,"column":16},"end":{"line":199,"column":46}},"126":{"start":{"line":200,"column":20},"end":{"line":200,"column":84}},"127":{"start":{"line":200,"column":54},"end":{"line":200,"column":79}},"128":{"start":{"line":201,"column":2},"end":{"line":207,"column":null}},"129":{"start":{"line":202,"column":4},"end":{"line":207,"column":null}},"130":{"start":{"line":209,"column":25},"end":{"line":209,"column":72}},"131":{"start":{"line":209,"column":60},"end":{"line":209,"column":71}},"132":{"start":{"line":210,"column":2},"end":{"line":210,"column":null}},"133":{"start":{"line":210,"column":31},"end":{"line":210,"column":null}},"134":{"start":{"line":211,"column":24},"end":{"line":211,"column":null}},"135":{"start":{"line":212,"column":2},"end":{"line":217,"column":null}},"136":{"start":{"line":221,"column":18},"end":{"line":221,"column":48}},"137":{"start":{"line":222,"column":2},"end":{"line":223,"column":null}},"138":{"start":{"line":223,"column":4},"end":{"line":223,"column":null}},"139":{"start":{"line":225,"column":19},"end":{"line":225,"column":49}},"140":{"start":{"line":226,"column":2},"end":{"line":227,"column":null}},"141":{"start":{"line":227,"column":4},"end":{"line":227,"column":null}},"142":{"start":{"line":229,"column":16},"end":{"line":229,"column":null}},"143":{"start":{"line":230,"column":2},"end":{"line":230,"column":null}},"144":{"start":{"line":231,"column":2},"end":{"line":231,"column":null}},"145":{"start":{"line":235,"column":22},"end":{"line":235,"column":52}},"146":{"start":{"line":236,"column":22},"end":{"line":236,"column":47}},"147":{"start":{"line":237,"column":22},"end":{"line":237,"column":47}},"148":{"start":{"line":239,"column":2},"end":{"line":239,"column":null}},"149":{"start":{"line":239,"column":20},"end":{"line":239,"column":null}},"150":{"start":{"line":240,"column":2},"end":{"line":240,"column":null}},"151":{"start":{"line":240,"column":20},"end":{"line":240,"column":null}},"152":{"start":{"line":241,"column":2},"end":{"line":242,"column":null}},"153":{"start":{"line":242,"column":4},"end":{"line":242,"column":null}},"154":{"start":{"line":244,"column":2},"end":{"line":244,"column":null}},"155":{"start":{"line":244,"column":38},"end":{"line":244,"column":null}},"156":{"start":{"line":246,"column":15},"end":{"line":246,"column":27}},"157":{"start":{"line":247,"column":14},"end":{"line":247,"column":48}},"158":{"start":{"line":248,"column":2},"end":{"line":249,"column":null}},"159":{"start":{"line":249,"column":4},"end":{"line":249,"column":null}},"160":{"start":{"line":252,"column":17},"end":{"line":261,"column":null}},"161":{"start":{"line":263,"column":2},"end":{"line":263,"column":null}},"162":{"start":{"line":264,"column":2},"end":{"line":267,"column":null}},"163":{"start":{"line":265,"column":4},"end":{"line":265,"column":null}},"164":{"start":{"line":267,"column":4},"end":{"line":267,"column":null}},"165":{"start":{"line":269,"column":2},"end":{"line":269,"column":null}},"166":{"start":{"line":273,"column":15},"end":{"line":273,"column":27}},"167":{"start":{"line":274,"column":17},"end":{"line":274,"column":null}},"168":{"start":{"line":275,"column":2},"end":{"line":275,"column":null}},"169":{"start":{"line":275,"column":40},"end":{"line":275,"column":57}},"170":{"start":{"line":276,"column":2},"end":{"line":276,"column":null}},"171":{"start":{"line":276,"column":35},"end":{"line":276,"column":null}},"172":{"start":{"line":277,"column":2},"end":{"line":280,"column":null}},"173":{"start":{"line":278,"column":4},"end":{"line":278,"column":null}},"174":{"start":{"line":280,"column":4},"end":{"line":280,"column":null}},"175":{"start":{"line":282,"column":2},"end":{"line":282,"column":null}},"176":{"start":{"line":286,"column":2},"end":{"line":294,"column":null}},"177":{"start":{"line":287,"column":21},"end":{"line":287,"column":69}},"178":{"start":{"line":289,"column":20},"end":{"line":289,"column":51}},"179":{"start":{"line":290,"column":6},"end":{"line":293,"column":null}},"180":{"start":{"line":298,"column":15},"end":{"line":298,"column":24}},"181":{"start":{"line":299,"column":2},"end":{"line":300,"column":null}},"182":{"start":{"line":300,"column":4},"end":{"line":300,"column":null}},"183":{"start":{"line":300,"column":31},"end":{"line":300,"column":80}},"184":{"start":{"line":302,"column":2},"end":{"line":306,"column":null}},"185":{"start":{"line":303,"column":20},"end":{"line":303,"column":48}},"186":{"start":{"line":304,"column":4},"end":{"line":304,"column":null}},"187":{"start":{"line":304,"column":23},"end":{"line":304,"column":null}},"188":{"start":{"line":305,"column":4},"end":{"line":305,"column":null}},"189":{"start":{"line":310,"column":2},"end":{"line":310,"column":null}},"190":{"start":{"line":310,"column":20},"end":{"line":310,"column":null}},"191":{"start":{"line":311,"column":2},"end":{"line":311,"column":null}},"192":{"start":{"line":311,"column":37},"end":{"line":311,"column":46}},"193":{"start":{"line":316,"column":14},"end":{"line":316,"column":51}},"194":{"start":{"line":316,"column":36},"end":{"line":316,"column":51}},"195":{"start":{"line":317,"column":2},"end":{"line":317,"column":null}},"196":{"start":{"line":317,"column":12},"end":{"line":317,"column":null}},"197":{"start":{"line":318,"column":20},"end":{"line":318,"column":70}},"198":{"start":{"line":318,"column":44},"end":{"line":318,"column":70}},"199":{"start":{"line":319,"column":2},"end":{"line":319,"column":null}},"200":{"start":{"line":319,"column":25},"end":{"line":319,"column":null}},"201":{"start":{"line":320,"column":17},"end":{"line":320,"column":60}},"202":{"start":{"line":320,"column":50},"end":{"line":320,"column":59}},"203":{"start":{"line":321,"column":2},"end":{"line":321,"column":null}},"204":{"start":{"line":325,"column":15},"end":{"line":325,"column":37}},"205":{"start":{"line":326,"column":2},"end":{"line":326,"column":null}},"206":{"start":{"line":326,"column":20},"end":{"line":326,"column":null}},"207":{"start":{"line":328,"column":17},"end":{"line":328,"column":26}},"208":{"start":{"line":329,"column":2},"end":{"line":330,"column":null}},"209":{"start":{"line":330,"column":4},"end":{"line":330,"column":null}},"210":{"start":{"line":332,"column":12},"end":{"line":332,"column":null}},"211":{"start":{"line":333,"column":14},"end":{"line":333,"column":null}},"212":{"start":{"line":334,"column":2},"end":{"line":337,"column":null}},"213":{"start":{"line":335,"column":4},"end":{"line":337,"column":null}},"214":{"start":{"line":336,"column":6},"end":{"line":336,"column":null}},"215":{"start":{"line":337,"column":6},"end":{"line":337,"column":null}},"216":{"start":{"line":340,"column":2},"end":{"line":340,"column":null}},"217":{"start":{"line":345,"column":2},"end":{"line":345,"column":null}},"218":{"start":{"line":345,"column":40},"end":{"line":345,"column":null}},"219":{"start":{"line":347,"column":17},"end":{"line":350,"column":null}},"220":{"start":{"line":348,"column":14},"end":{"line":348,"column":42}},"221":{"start":{"line":349,"column":4},"end":{"line":349,"column":null}},"222":{"start":{"line":352,"column":15},"end":{"line":352,"column":null}},"223":{"start":{"line":353,"column":19},"end":{"line":353,"column":null}},"224":{"start":{"line":355,"column":2},"end":{"line":367,"column":null}},"225":{"start":{"line":355,"column":15},"end":{"line":355,"column":18}},"226":{"start":{"line":356,"column":16},"end":{"line":356,"column":null}},"227":{"start":{"line":357,"column":4},"end":{"line":367,"column":null}},"228":{"start":{"line":358,"column":29},"end":{"line":358,"column":null}},"229":{"start":{"line":359,"column":22},"end":{"line":359,"column":null}},"230":{"start":{"line":360,"column":6},"end":{"line":366,"column":null}},"231":{"start":{"line":367,"column":6},"end":{"line":367,"column":null}},"232":{"start":{"line":371,"column":2},"end":{"line":371,"column":null}},"233":{"start":{"line":375,"column":15},"end":{"line":375,"column":46}},"234":{"start":{"line":376,"column":2},"end":{"line":384,"column":null}},"235":{"start":{"line":377,"column":4},"end":{"line":384,"column":null}},"236":{"start":{"line":387,"column":17},"end":{"line":387,"column":55}},"237":{"start":{"line":387,"column":45},"end":{"line":387,"column":54}},"238":{"start":{"line":388,"column":16},"end":{"line":388,"column":null}},"239":{"start":{"line":388,"column":40},"end":{"line":388,"column":56}},"240":{"start":{"line":389,"column":22},"end":{"line":389,"column":52}},"241":{"start":{"line":391,"column":24},"end":{"line":391,"column":null}},"242":{"start":{"line":392,"column":2},"end":{"line":407,"column":null}},"243":{"start":{"line":393,"column":19},"end":{"line":393,"column":28}},"244":{"start":{"line":394,"column":4},"end":{"line":395,"column":null}},"245":{"start":{"line":395,"column":6},"end":{"line":395,"column":null}},"246":{"start":{"line":397,"column":14},"end":{"line":397,"column":null}},"247":{"start":{"line":398,"column":16},"end":{"line":398,"column":null}},"248":{"start":{"line":399,"column":4},"end":{"line":402,"column":null}},"249":{"start":{"line":400,"column":6},"end":{"line":402,"column":null}},"250":{"start":{"line":401,"column":8},"end":{"line":401,"column":null}},"251":{"start":{"line":402,"column":8},"end":{"line":402,"column":null}},"252":{"start":{"line":405,"column":4},"end":{"line":407,"column":null}},"253":{"start":{"line":406,"column":20},"end":{"line":406,"column":45}},"254":{"start":{"line":407,"column":6},"end":{"line":407,"column":null}},"255":{"start":{"line":411,"column":2},"end":{"line":418,"column":null}},"256":{"start":{"line":423,"column":2},"end":{"line":430,"column":null}},"257":{"start":{"line":424,"column":19},"end":{"line":424,"column":57}},"258":{"start":{"line":425,"column":18},"end":{"line":425,"column":53}},"259":{"start":{"line":426,"column":4},"end":{"line":430,"column":null}},"260":{"start":{"line":433,"column":17},"end":{"line":433,"column":44}},"261":{"start":{"line":434,"column":17},"end":{"line":434,"column":73}},"262":{"start":{"line":435,"column":2},"end":{"line":440,"column":null}},"263":{"start":{"line":436,"column":4},"end":{"line":440,"column":null}},"264":{"start":{"line":443,"column":17},"end":{"line":443,"column":46}},"265":{"start":{"line":444,"column":2},"end":{"line":451,"column":null}},"266":{"start":{"line":455,"column":15},"end":{"line":455,"column":null}},"267":{"start":{"line":456,"column":14},"end":{"line":456,"column":43}},"268":{"start":{"line":457,"column":2},"end":{"line":457,"column":null}},"269":{"start":{"line":461,"column":15},"end":{"line":461,"column":31}},"270":{"start":{"line":462,"column":2},"end":{"line":462,"column":null}},"271":{"start":{"line":462,"column":20},"end":{"line":462,"column":null}},"272":{"start":{"line":464,"column":23},"end":{"line":464,"column":45}},"273":{"start":{"line":465,"column":20},"end":{"line":465,"column":null}},"274":{"start":{"line":467,"column":18},"end":{"line":470,"column":5}},"275":{"start":{"line":467,"column":57},"end":{"line":470,"column":5}},"276":{"start":{"line":472,"column":2},"end":{"line":477,"column":null}}},"fnMap":{"0":{"name":"newId","decl":{"start":{"line":11,"column":9},"end":{"line":11,"column":15}},"loc":{"start":{"line":11,"column":23},"end":{"line":12,"column":null}},"line":11},"1":{"name":"normalizeTrackName","decl":{"start":{"line":15,"column":16},"end":{"line":15,"column":35}},"loc":{"start":{"line":15,"column":41},"end":{"line":16,"column":null}},"line":15},"2":{"name":"isValidLapTime","decl":{"start":{"line":19,"column":16},"end":{"line":19,"column":31}},"loc":{"start":{"line":19,"column":40},"end":{"line":20,"column":null}},"line":19},"3":{"name":"formatLapTimeInput","decl":{"start":{"line":24,"column":16},"end":{"line":24,"column":35}},"loc":{"start":{"line":24,"column":42},"end":{"line":34,"column":null}},"line":24},"4":{"name":"completeLapTimeInput","decl":{"start":{"line":38,"column":16},"end":{"line":38,"column":37}},"loc":{"start":{"line":38,"column":44},"end":{"line":55,"column":null}},"line":38},"5":{"name":"lapTimeToMs","decl":{"start":{"line":58,"column":16},"end":{"line":58,"column":28}},"loc":{"start":{"line":58,"column":37},"end":{"line":61,"column":null}},"line":58},"6":{"name":"msToLapTime","decl":{"start":{"line":64,"column":16},"end":{"line":64,"column":28}},"loc":{"start":{"line":64,"column":32},"end":{"line":69,"column":null}},"line":64},"7":{"name":"parseStored","decl":{"start":{"line":72,"column":9},"end":{"line":72,"column":21}},"loc":{"start":{"line":72,"column":26},"end":{"line":79,"column":null}},"line":72},"8":{"name":"migrateLegacyLapTimes","decl":{"start":{"line":82,"column":9},"end":{"line":82,"column":33}},"loc":{"start":{"line":82,"column":33},"end":{"line":147,"column":null}},"line":82},"9":{"name":"persistLapData","decl":{"start":{"line":150,"column":9},"end":{"line":150,"column":24}},"loc":{"start":{"line":150,"column":30},"end":{"line":153,"column":null}},"line":150},"10":{"name":"getLapData","decl":{"start":{"line":157,"column":16},"end":{"line":157,"column":29}},"loc":{"start":{"line":157,"column":29},"end":{"line":171,"column":null}},"line":157},"11":{"name":"findTrackByName","decl":{"start":{"line":175,"column":16},"end":{"line":175,"column":32}},"loc":{"start":{"line":175,"column":49},"end":{"line":178,"column":null}},"line":175},"12":{"name":"(anonymous_12)","decl":{"start":{"line":178,"column":21},"end":{"line":178,"column":27}},"loc":{"start":{"line":178,"column":33},"end":{"line":178,"column":69}},"line":178},"13":{"name":"getTrackById","decl":{"start":{"line":181,"column":16},"end":{"line":181,"column":29}},"loc":{"start":{"line":181,"column":44},"end":{"line":182,"column":null}},"line":181},"14":{"name":"(anonymous_14)","decl":{"start":{"line":182,"column":21},"end":{"line":182,"column":27}},"loc":{"start":{"line":182,"column":33},"end":{"line":182,"column":50}},"line":182},"15":{"name":"trackNameExists","decl":{"start":{"line":185,"column":16},"end":{"line":185,"column":32}},"loc":{"start":{"line":185,"column":49},"end":{"line":186,"column":null}},"line":185},"16":{"name":"wouldBeTrackPersonalBest","decl":{"start":{"line":190,"column":16},"end":{"line":190,"column":41}},"loc":{"start":{"line":190,"column":67},"end":{"line":191,"column":null}},"line":190},"17":{"name":"getTrackPrCelebrationInfo","decl":{"start":{"line":195,"column":16},"end":{"line":195,"column":42}},"loc":{"start":{"line":195,"column":68},"end":{"line":217,"column":null}},"line":195},"18":{"name":"(anonymous_18)","decl":{"start":{"line":200,"column":38},"end":{"line":200,"column":46}},"loc":{"start":{"line":200,"column":54},"end":{"line":200,"column":79}},"line":200},"19":{"name":"(anonymous_19)","decl":{"start":{"line":209,"column":47},"end":{"line":209,"column":52}},"loc":{"start":{"line":209,"column":60},"end":{"line":209,"column":71}},"line":209},"20":{"name":"createTrack","decl":{"start":{"line":220,"column":9},"end":{"line":220,"column":21}},"loc":{"start":{"line":220,"column":38},"end":{"line":231,"column":null}},"line":220},"21":{"name":"saveLapTime","decl":{"start":{"line":234,"column":16},"end":{"line":234,"column":28}},"loc":{"start":{"line":234,"column":76},"end":{"line":269,"column":null}},"line":234},"22":{"name":"deleteLapTime","decl":{"start":{"line":272,"column":16},"end":{"line":272,"column":30}},"loc":{"start":{"line":272,"column":37},"end":{"line":282,"column":null}},"line":272},"23":{"name":"(anonymous_23)","decl":{"start":{"line":275,"column":24},"end":{"line":275,"column":32}},"loc":{"start":{"line":275,"column":40},"end":{"line":275,"column":57}},"line":275},"24":{"name":"enrichLaps","decl":{"start":{"line":285,"column":16},"end":{"line":285,"column":27}},"loc":{"start":{"line":285,"column":55},"end":{"line":294,"column":null}},"line":285},"25":{"name":"(anonymous_25)","decl":{"start":{"line":287,"column":5},"end":{"line":287,"column":13}},"loc":{"start":{"line":287,"column":21},"end":{"line":287,"column":69}},"line":287},"26":{"name":"(anonymous_26)","decl":{"start":{"line":288,"column":5},"end":{"line":288,"column":10}},"loc":{"start":{"line":288,"column":18},"end":{"line":294,"column":null}},"line":288},"27":{"name":"sortLaps","decl":{"start":{"line":297,"column":16},"end":{"line":297,"column":25}},"loc":{"start":{"line":297,"column":41},"end":{"line":306,"column":null}},"line":297},"28":{"name":"(anonymous_28)","decl":{"start":{"line":300,"column":16},"end":{"line":300,"column":22}},"loc":{"start":{"line":300,"column":31},"end":{"line":300,"column":80}},"line":300},"29":{"name":"(anonymous_29)","decl":{"start":{"line":302,"column":14},"end":{"line":302,"column":20}},"loc":{"start":{"line":302,"column":29},"end":{"line":306,"column":null}},"line":302},"30":{"name":"getBestTimeMs","decl":{"start":{"line":309,"column":16},"end":{"line":309,"column":30}},"loc":{"start":{"line":309,"column":36},"end":{"line":311,"column":null}},"line":309},"31":{"name":"(anonymous_31)","decl":{"start":{"line":311,"column":26},"end":{"line":311,"column":31}},"loc":{"start":{"line":311,"column":37},"end":{"line":311,"column":46}},"line":311},"32":{"name":"isLapTrackPersonalBest","decl":{"start":{"line":315,"column":16},"end":{"line":315,"column":39}},"loc":{"start":{"line":315,"column":52},"end":{"line":321,"column":null}},"line":315},"33":{"name":"(anonymous_33)","decl":{"start":{"line":316,"column":24},"end":{"line":316,"column":30}},"loc":{"start":{"line":316,"column":36},"end":{"line":316,"column":51}},"line":316},"34":{"name":"(anonymous_34)","decl":{"start":{"line":318,"column":30},"end":{"line":318,"column":38}},"loc":{"start":{"line":318,"column":44},"end":{"line":318,"column":70}},"line":318},"35":{"name":"(anonymous_35)","decl":{"start":{"line":320,"column":39},"end":{"line":320,"column":44}},"loc":{"start":{"line":320,"column":50},"end":{"line":320,"column":59}},"line":320},"36":{"name":"getMostDrivenTrackId","decl":{"start":{"line":324,"column":16},"end":{"line":324,"column":37}},"loc":{"start":{"line":324,"column":43},"end":{"line":340,"column":null}},"line":324},"37":{"name":"computeLastPrImprovement","decl":{"start":{"line":344,"column":16},"end":{"line":344,"column":41}},"loc":{"start":{"line":344,"column":47},"end":{"line":371,"column":null}},"line":344},"38":{"name":"(anonymous_38)","decl":{"start":{"line":347,"column":27},"end":{"line":347,"column":33}},"loc":{"start":{"line":347,"column":42},"end":{"line":350,"column":null}},"line":347},"39":{"name":"computeLapStats","decl":{"start":{"line":374,"column":16},"end":{"line":374,"column":32}},"loc":{"start":{"line":374,"column":60},"end":{"line":418,"column":null}},"line":374},"40":{"name":"(anonymous_40)","decl":{"start":{"line":387,"column":34},"end":{"line":387,"column":39}},"loc":{"start":{"line":387,"column":45},"end":{"line":387,"column":54}},"line":387},"41":{"name":"(anonymous_41)","decl":{"start":{"line":388,"column":21},"end":{"line":388,"column":29}},"loc":{"start":{"line":388,"column":40},"end":{"line":388,"column":56}},"line":388},"42":{"name":"computeLapStatsForFilter","decl":{"start":{"line":422,"column":16},"end":{"line":422,"column":41}},"loc":{"start":{"line":422,"column":71},"end":{"line":451,"column":null}},"line":422},"43":{"name":"formatImprovement","decl":{"start":{"line":454,"column":16},"end":{"line":454,"column":34}},"loc":{"start":{"line":454,"column":43},"end":{"line":457,"column":null}},"line":454},"44":{"name":"getHomeLapSummary","decl":{"start":{"line":460,"column":16},"end":{"line":460,"column":34}},"loc":{"start":{"line":460,"column":55},"end":{"line":477,"column":null}},"line":460},"45":{"name":"(anonymous_45)","decl":{"start":{"line":467,"column":43},"end":{"line":467,"column":48}},"loc":{"start":{"line":467,"column":57},"end":{"line":470,"column":5}},"line":467}},"branchMap":{"0":{"loc":{"start":{"line":16,"column":16},"end":{"line":16,"column":27}},"type":"binary-expr","locations":[{"start":{"line":16,"column":16},"end":{"line":16,"column":24}},{"start":{"line":16,"column":24},"end":{"line":16,"column":27}}],"line":16},"1":{"loc":{"start":{"line":20,"column":46},"end":{"line":20,"column":60}},"type":"binary-expr","locations":[{"start":{"line":20,"column":46},"end":{"line":20,"column":57}},{"start":{"line":20,"column":57},"end":{"line":20,"column":60}}],"line":20},"2":{"loc":{"start":{"line":25,"column":24},"end":{"line":25,"column":36}},"type":"binary-expr","locations":[{"start":{"line":25,"column":24},"end":{"line":25,"column":33}},{"start":{"line":25,"column":33},"end":{"line":25,"column":36}}],"line":25},"3":{"loc":{"start":{"line":26,"column":2},"end":{"line":26,"column":null}},"type":"if","locations":[{"start":{"line":26,"column":2},"end":{"line":26,"column":null}},{"start":{},"end":{}}],"line":26},"4":{"loc":{"start":{"line":29,"column":2},"end":{"line":29,"column":null}},"type":"if","locations":[{"start":{"line":29,"column":2},"end":{"line":29,"column":null}},{"start":{},"end":{}}],"line":29},"5":{"loc":{"start":{"line":29,"column":21},"end":{"line":29,"column":null}},"type":"cond-expr","locations":[{"start":{"line":29,"column":31},"end":{"line":29,"column":61}},{"start":{"line":29,"column":61},"end":{"line":29,"column":null}}],"line":29},"6":{"loc":{"start":{"line":30,"column":2},"end":{"line":30,"column":null}},"type":"if","locations":[{"start":{"line":30,"column":2},"end":{"line":30,"column":null}},{"start":{},"end":{}}],"line":30},"7":{"loc":{"start":{"line":31,"column":2},"end":{"line":31,"column":null}},"type":"if","locations":[{"start":{"line":31,"column":2},"end":{"line":31,"column":null}},{"start":{},"end":{}}],"line":31},"8":{"loc":{"start":{"line":32,"column":2},"end":{"line":32,"column":null}},"type":"if","locations":[{"start":{"line":32,"column":2},"end":{"line":32,"column":null}},{"start":{},"end":{}}],"line":32},"9":{"loc":{"start":{"line":33,"column":2},"end":{"line":33,"column":null}},"type":"if","locations":[{"start":{"line":33,"column":2},"end":{"line":33,"column":null}},{"start":{},"end":{}}],"line":33},"10":{"loc":{"start":{"line":39,"column":25},"end":{"line":39,"column":37}},"type":"binary-expr","locations":[{"start":{"line":39,"column":25},"end":{"line":39,"column":34}},{"start":{"line":39,"column":34},"end":{"line":39,"column":37}}],"line":39},"11":{"loc":{"start":{"line":40,"column":2},"end":{"line":40,"column":null}},"type":"if","locations":[{"start":{"line":40,"column":2},"end":{"line":40,"column":null}},{"start":{},"end":{}}],"line":40},"12":{"loc":{"start":{"line":41,"column":2},"end":{"line":41,"column":null}},"type":"if","locations":[{"start":{"line":41,"column":2},"end":{"line":41,"column":null}},{"start":{},"end":{}}],"line":41},"13":{"loc":{"start":{"line":44,"column":2},"end":{"line":44,"column":null}},"type":"if","locations":[{"start":{"line":44,"column":2},"end":{"line":44,"column":null}},{"start":{},"end":{}}],"line":44},"14":{"loc":{"start":{"line":46,"column":2},"end":{"line":47,"column":null}},"type":"if","locations":[{"start":{"line":46,"column":2},"end":{"line":47,"column":null}},{"start":{},"end":{}}],"line":46},"15":{"loc":{"start":{"line":50,"column":2},"end":{"line":52,"column":null}},"type":"if","locations":[{"start":{"line":50,"column":2},"end":{"line":52,"column":null}},{"start":{},"end":{}}],"line":50},"16":{"loc":{"start":{"line":52,"column":11},"end":{"line":52,"column":null}},"type":"cond-expr","locations":[{"start":{"line":52,"column":36},"end":{"line":52,"column":45}},{"start":{"line":52,"column":45},"end":{"line":52,"column":null}}],"line":52},"17":{"loc":{"start":{"line":73,"column":2},"end":{"line":73,"column":null}},"type":"if","locations":[{"start":{"line":73,"column":2},"end":{"line":73,"column":null}},{"start":{},"end":{}}],"line":73},"18":{"loc":{"start":{"line":75,"column":2},"end":{"line":75,"column":null}},"type":"if","locations":[{"start":{"line":75,"column":2},"end":{"line":75,"column":null}},{"start":{},"end":{}}],"line":75},"19":{"loc":{"start":{"line":75,"column":6},"end":{"line":75,"column":45}},"type":"binary-expr","locations":[{"start":{"line":75,"column":6},"end":{"line":75,"column":17}},{"start":{"line":75,"column":17},"end":{"line":75,"column":45}}],"line":75},"20":{"loc":{"start":{"line":77,"column":12},"end":{"line":77,"column":61}},"type":"cond-expr","locations":[{"start":{"line":77,"column":43},"end":{"line":77,"column":59}},{"start":{"line":77,"column":59},"end":{"line":77,"column":61}}],"line":77},"21":{"loc":{"start":{"line":78,"column":10},"end":{"line":78,"column":null}},"type":"cond-expr","locations":[{"start":{"line":78,"column":39},"end":{"line":78,"column":53}},{"start":{"line":78,"column":53},"end":{"line":78,"column":null}}],"line":78},"22":{"loc":{"start":{"line":84,"column":2},"end":{"line":84,"column":null}},"type":"if","locations":[{"start":{"line":84,"column":2},"end":{"line":84,"column":null}},{"start":{},"end":{}}],"line":84},"23":{"loc":{"start":{"line":91,"column":2},"end":{"line":91,"column":null}},"type":"if","locations":[{"start":{"line":91,"column":2},"end":{"line":91,"column":null}},{"start":{},"end":{}}],"line":91},"24":{"loc":{"start":{"line":91,"column":6},"end":{"line":91,"column":53}},"type":"binary-expr","locations":[{"start":{"line":91,"column":6},"end":{"line":91,"column":28}},{"start":{"line":91,"column":32},"end":{"line":91,"column":53}}],"line":91},"25":{"loc":{"start":{"line":105,"column":4},"end":{"line":120,"column":null}},"type":"if","locations":[{"start":{"line":105,"column":4},"end":{"line":120,"column":null}},{"start":{"line":107,"column":15},"end":{"line":120,"column":null}}],"line":105},"26":{"loc":{"start":{"line":106,"column":15},"end":{"line":106,"column":73}},"type":"cond-expr","locations":[{"start":{"line":106,"column":31},"end":{"line":106,"column":54}},{"start":{"line":106,"column":57},"end":{"line":106,"column":73}}],"line":106},"27":{"loc":{"start":{"line":107,"column":15},"end":{"line":120,"column":null}},"type":"if","locations":[{"start":{"line":107,"column":15},"end":{"line":120,"column":null}},{"start":{},"end":{}}],"line":107},"28":{"loc":{"start":{"line":107,"column":15},"end":{"line":107,"column":49}},"type":"binary-expr","locations":[{"start":{"line":107,"column":15},"end":{"line":107,"column":23}},{"start":{"line":107,"column":23},"end":{"line":107,"column":49}}],"line":107},"29":{"loc":{"start":{"line":108,"column":25},"end":{"line":108,"column":83}},"type":"binary-expr","locations":[{"start":{"line":108,"column":25},"end":{"line":108,"column":41}},{"start":{"line":108,"column":41},"end":{"line":108,"column":55}},{"start":{"line":108,"column":55},"end":{"line":108,"column":73}},{"start":{"line":108,"column":73},"end":{"line":108,"column":83}}],"line":108},"30":{"loc":{"start":{"line":109,"column":6},"end":{"line":115,"column":null}},"type":"if","locations":[{"start":{"line":109,"column":6},"end":{"line":115,"column":null}},{"start":{"line":112,"column":13},"end":{"line":115,"column":null}}],"line":109},"31":{"loc":{"start":{"line":109,"column":10},"end":{"line":109,"column":48}},"type":"binary-expr","locations":[{"start":{"line":109,"column":10},"end":{"line":109,"column":23}},{"start":{"line":109,"column":23},"end":{"line":109,"column":48}}],"line":109},"32":{"loc":{"start":{"line":113,"column":25},"end":{"line":113,"column":83}},"type":"binary-expr","locations":[{"start":{"line":113,"column":25},"end":{"line":113,"column":41}},{"start":{"line":113,"column":41},"end":{"line":113,"column":54}},{"start":{"line":113,"column":54},"end":{"line":113,"column":69}},{"start":{"line":113,"column":69},"end":{"line":113,"column":83}}],"line":113},"33":{"loc":{"start":{"line":114,"column":8},"end":{"line":115,"column":null}},"type":"if","locations":[{"start":{"line":114,"column":8},"end":{"line":115,"column":null}},{"start":{},"end":{}}],"line":114},"34":{"loc":{"start":{"line":115,"column":19},"end":{"line":115,"column":75}},"type":"cond-expr","locations":[{"start":{"line":115,"column":39},"end":{"line":115,"column":59}},{"start":{"line":115,"column":62},"end":{"line":115,"column":75}}],"line":115},"35":{"loc":{"start":{"line":115,"column":19},"end":{"line":115,"column":39}},"type":"binary-expr","locations":[{"start":{"line":115,"column":19},"end":{"line":115,"column":30}},{"start":{"line":115,"column":30},"end":{"line":115,"column":39}}],"line":115},"36":{"loc":{"start":{"line":118,"column":6},"end":{"line":118,"column":null}},"type":"if","locations":[{"start":{"line":118,"column":6},"end":{"line":118,"column":null}},{"start":{},"end":{}}],"line":118},"37":{"loc":{"start":{"line":118,"column":10},"end":{"line":118,"column":54}},"type":"binary-expr","locations":[{"start":{"line":118,"column":10},"end":{"line":118,"column":23}},{"start":{"line":118,"column":23},"end":{"line":118,"column":54}}],"line":118},"38":{"loc":{"start":{"line":119,"column":6},"end":{"line":119,"column":null}},"type":"if","locations":[{"start":{"line":119,"column":6},"end":{"line":119,"column":null}},{"start":{},"end":{}}],"line":119},"39":{"loc":{"start":{"line":120,"column":20},"end":{"line":120,"column":36}},"type":"binary-expr","locations":[{"start":{"line":120,"column":20},"end":{"line":120,"column":33}},{"start":{"line":120,"column":33},"end":{"line":120,"column":36}}],"line":120},"40":{"loc":{"start":{"line":123,"column":4},"end":{"line":123,"column":null}},"type":"if","locations":[{"start":{"line":123,"column":4},"end":{"line":123,"column":null}},{"start":{},"end":{}}],"line":123},"41":{"loc":{"start":{"line":123,"column":8},"end":{"line":123,"column":49}},"type":"binary-expr","locations":[{"start":{"line":123,"column":8},"end":{"line":123,"column":32}},{"start":{"line":123,"column":36},"end":{"line":123,"column":49}}],"line":123},"42":{"loc":{"start":{"line":124,"column":4},"end":{"line":124,"column":null}},"type":"if","locations":[{"start":{"line":124,"column":4},"end":{"line":124,"column":null}},{"start":{},"end":{}}],"line":124},"43":{"loc":{"start":{"line":128,"column":4},"end":{"line":131,"column":null}},"type":"if","locations":[{"start":{"line":128,"column":4},"end":{"line":131,"column":null}},{"start":{},"end":{}}],"line":128},"44":{"loc":{"start":{"line":130,"column":39},"end":{"line":130,"column":72}},"type":"binary-expr","locations":[{"start":{"line":130,"column":39},"end":{"line":130,"column":52}},{"start":{"line":130,"column":52},"end":{"line":130,"column":72}}],"line":130},"45":{"loc":{"start":{"line":142,"column":17},"end":{"line":142,"column":null}},"type":"binary-expr","locations":[{"start":{"line":142,"column":17},"end":{"line":142,"column":36}},{"start":{"line":142,"column":36},"end":{"line":142,"column":null}}],"line":142},"46":{"loc":{"start":{"line":146,"column":2},"end":{"line":146,"column":null}},"type":"if","locations":[{"start":{"line":146,"column":2},"end":{"line":146,"column":null}},{"start":{},"end":{}}],"line":146},"47":{"loc":{"start":{"line":152,"column":2},"end":{"line":153,"column":null}},"type":"if","locations":[{"start":{"line":152,"column":2},"end":{"line":153,"column":null}},{"start":{},"end":{}}],"line":152},"48":{"loc":{"start":{"line":160,"column":4},"end":{"line":167,"column":null}},"type":"if","locations":[{"start":{"line":160,"column":4},"end":{"line":167,"column":null}},{"start":{},"end":{}}],"line":160},"49":{"loc":{"start":{"line":162,"column":6},"end":{"line":165,"column":null}},"type":"if","locations":[{"start":{"line":162,"column":6},"end":{"line":165,"column":null}},{"start":{},"end":{}}],"line":162},"50":{"loc":{"start":{"line":177,"column":2},"end":{"line":177,"column":null}},"type":"if","locations":[{"start":{"line":177,"column":2},"end":{"line":177,"column":null}},{"start":{},"end":{}}],"line":177},"51":{"loc":{"start":{"line":178,"column":9},"end":{"line":178,"column":null}},"type":"binary-expr","locations":[{"start":{"line":178,"column":9},"end":{"line":178,"column":69}},{"start":{"line":178,"column":73},"end":{"line":178,"column":null}}],"line":178},"52":{"loc":{"start":{"line":182,"column":9},"end":{"line":182,"column":null}},"type":"binary-expr","locations":[{"start":{"line":182,"column":9},"end":{"line":182,"column":50}},{"start":{"line":182,"column":54},"end":{"line":182,"column":null}}],"line":182},"53":{"loc":{"start":{"line":196,"column":25},"end":{"line":196,"column":41}},"type":"binary-expr","locations":[{"start":{"line":196,"column":25},"end":{"line":196,"column":38}},{"start":{"line":196,"column":38},"end":{"line":196,"column":41}}],"line":196},"54":{"loc":{"start":{"line":197,"column":2},"end":{"line":197,"column":null}},"type":"if","locations":[{"start":{"line":197,"column":2},"end":{"line":197,"column":null}},{"start":{},"end":{}}],"line":197},"55":{"loc":{"start":{"line":197,"column":6},"end":{"line":197,"column":42}},"type":"binary-expr","locations":[{"start":{"line":197,"column":6},"end":{"line":197,"column":18}},{"start":{"line":197,"column":18},"end":{"line":197,"column":42}}],"line":197},"56":{"loc":{"start":{"line":200,"column":20},"end":{"line":200,"column":84}},"type":"cond-expr","locations":[{"start":{"line":200,"column":28},"end":{"line":200,"column":79}},{"start":{"line":200,"column":82},"end":{"line":200,"column":84}}],"line":200},"57":{"loc":{"start":{"line":201,"column":2},"end":{"line":207,"column":null}},"type":"if","locations":[{"start":{"line":201,"column":2},"end":{"line":207,"column":null}},{"start":{},"end":{}}],"line":201},"58":{"loc":{"start":{"line":210,"column":2},"end":{"line":210,"column":null}},"type":"if","locations":[{"start":{"line":210,"column":2},"end":{"line":210,"column":null}},{"start":{},"end":{}}],"line":210},"59":{"loc":{"start":{"line":221,"column":25},"end":{"line":221,"column":41}},"type":"binary-expr","locations":[{"start":{"line":221,"column":25},"end":{"line":221,"column":38}},{"start":{"line":221,"column":38},"end":{"line":221,"column":41}}],"line":221},"60":{"loc":{"start":{"line":222,"column":2},"end":{"line":223,"column":null}},"type":"if","locations":[{"start":{"line":222,"column":2},"end":{"line":223,"column":null}},{"start":{},"end":{}}],"line":222},"61":{"loc":{"start":{"line":226,"column":2},"end":{"line":227,"column":null}},"type":"if","locations":[{"start":{"line":226,"column":2},"end":{"line":227,"column":null}},{"start":{},"end":{}}],"line":226},"62":{"loc":{"start":{"line":234,"column":63},"end":{"line":234,"column":76}},"type":"default-arg","locations":[{"start":{"line":234,"column":70},"end":{"line":234,"column":76}}],"line":234},"63":{"loc":{"start":{"line":235,"column":29},"end":{"line":235,"column":45}},"type":"binary-expr","locations":[{"start":{"line":235,"column":29},"end":{"line":235,"column":42}},{"start":{"line":235,"column":42},"end":{"line":235,"column":45}}],"line":235},"64":{"loc":{"start":{"line":236,"column":29},"end":{"line":236,"column":40}},"type":"binary-expr","locations":[{"start":{"line":236,"column":29},"end":{"line":236,"column":37}},{"start":{"line":236,"column":37},"end":{"line":236,"column":40}}],"line":236},"65":{"loc":{"start":{"line":237,"column":29},"end":{"line":237,"column":40}},"type":"binary-expr","locations":[{"start":{"line":237,"column":29},"end":{"line":237,"column":37}},{"start":{"line":237,"column":37},"end":{"line":237,"column":40}}],"line":237},"66":{"loc":{"start":{"line":239,"column":2},"end":{"line":239,"column":null}},"type":"if","locations":[{"start":{"line":239,"column":2},"end":{"line":239,"column":null}},{"start":{},"end":{}}],"line":239},"67":{"loc":{"start":{"line":240,"column":2},"end":{"line":240,"column":null}},"type":"if","locations":[{"start":{"line":240,"column":2},"end":{"line":240,"column":null}},{"start":{},"end":{}}],"line":240},"68":{"loc":{"start":{"line":241,"column":2},"end":{"line":242,"column":null}},"type":"if","locations":[{"start":{"line":241,"column":2},"end":{"line":242,"column":null}},{"start":{},"end":{}}],"line":241},"69":{"loc":{"start":{"line":244,"column":2},"end":{"line":244,"column":null}},"type":"if","locations":[{"start":{"line":244,"column":2},"end":{"line":244,"column":null}},{"start":{},"end":{}}],"line":244},"70":{"loc":{"start":{"line":248,"column":2},"end":{"line":249,"column":null}},"type":"if","locations":[{"start":{"line":248,"column":2},"end":{"line":249,"column":null}},{"start":{},"end":{}}],"line":248},"71":{"loc":{"start":{"line":259,"column":17},"end":{"line":259,"column":28}},"type":"binary-expr","locations":[{"start":{"line":259,"column":17},"end":{"line":259,"column":25}},{"start":{"line":259,"column":25},"end":{"line":259,"column":28}}],"line":259},"72":{"loc":{"start":{"line":276,"column":2},"end":{"line":276,"column":null}},"type":"if","locations":[{"start":{"line":276,"column":2},"end":{"line":276,"column":null}},{"start":{},"end":{}}],"line":276},"73":{"loc":{"start":{"line":285,"column":33},"end":{"line":285,"column":55}},"type":"default-arg","locations":[{"start":{"line":285,"column":49},"end":{"line":285,"column":55}}],"line":285},"74":{"loc":{"start":{"line":287,"column":21},"end":{"line":287,"column":69}},"type":"binary-expr","locations":[{"start":{"line":287,"column":21},"end":{"line":287,"column":39}},{"start":{"line":287,"column":39},"end":{"line":287,"column":69}}],"line":287},"75":{"loc":{"start":{"line":292,"column":19},"end":{"line":292,"column":null}},"type":"binary-expr","locations":[{"start":{"line":292,"column":19},"end":{"line":292,"column":34}},{"start":{"line":292,"column":34},"end":{"line":292,"column":null}}],"line":292},"76":{"loc":{"start":{"line":299,"column":2},"end":{"line":300,"column":null}},"type":"if","locations":[{"start":{"line":299,"column":2},"end":{"line":300,"column":null}},{"start":{},"end":{}}],"line":299},"77":{"loc":{"start":{"line":300,"column":31},"end":{"line":300,"column":80}},"type":"binary-expr","locations":[{"start":{"line":300,"column":31},"end":{"line":300,"column":54}},{"start":{"line":300,"column":54},"end":{"line":300,"column":80}}],"line":300},"78":{"loc":{"start":{"line":304,"column":4},"end":{"line":304,"column":null}},"type":"if","locations":[{"start":{"line":304,"column":4},"end":{"line":304,"column":null}},{"start":{},"end":{}}],"line":304},"79":{"loc":{"start":{"line":310,"column":2},"end":{"line":310,"column":null}},"type":"if","locations":[{"start":{"line":310,"column":2},"end":{"line":310,"column":null}},{"start":{},"end":{}}],"line":310},"80":{"loc":{"start":{"line":317,"column":2},"end":{"line":317,"column":null}},"type":"if","locations":[{"start":{"line":317,"column":2},"end":{"line":317,"column":null}},{"start":{},"end":{}}],"line":317},"81":{"loc":{"start":{"line":319,"column":2},"end":{"line":319,"column":null}},"type":"if","locations":[{"start":{"line":319,"column":2},"end":{"line":319,"column":null}},{"start":{},"end":{}}],"line":319},"82":{"loc":{"start":{"line":326,"column":2},"end":{"line":326,"column":null}},"type":"if","locations":[{"start":{"line":326,"column":2},"end":{"line":326,"column":null}},{"start":{},"end":{}}],"line":326},"83":{"loc":{"start":{"line":330,"column":29},"end":{"line":330,"column":61}},"type":"binary-expr","locations":[{"start":{"line":330,"column":29},"end":{"line":330,"column":52}},{"start":{"line":330,"column":56},"end":{"line":330,"column":61}}],"line":330},"84":{"loc":{"start":{"line":335,"column":4},"end":{"line":337,"column":null}},"type":"if","locations":[{"start":{"line":335,"column":4},"end":{"line":337,"column":null}},{"start":{},"end":{}}],"line":335},"85":{"loc":{"start":{"line":345,"column":2},"end":{"line":345,"column":null}},"type":"if","locations":[{"start":{"line":345,"column":2},"end":{"line":345,"column":null}},{"start":{},"end":{}}],"line":345},"86":{"loc":{"start":{"line":345,"column":6},"end":{"line":345,"column":40}},"type":"binary-expr","locations":[{"start":{"line":345,"column":6},"end":{"line":345,"column":23}},{"start":{"line":345,"column":23},"end":{"line":345,"column":40}}],"line":345},"87":{"loc":{"start":{"line":349,"column":11},"end":{"line":349,"column":null}},"type":"cond-expr","locations":[{"start":{"line":349,"column":21},"end":{"line":349,"column":25}},{"start":{"line":349,"column":25},"end":{"line":349,"column":null}}],"line":349},"88":{"loc":{"start":{"line":357,"column":4},"end":{"line":367,"column":null}},"type":"if","locations":[{"start":{"line":357,"column":4},"end":{"line":367,"column":null}},{"start":{},"end":{}}],"line":357},"89":{"loc":{"start":{"line":371,"column":9},"end":{"line":371,"column":null}},"type":"cond-expr","locations":[{"start":{"line":371,"column":32},"end":{"line":371,"column":45}},{"start":{"line":371,"column":45},"end":{"line":371,"column":null}}],"line":371},"90":{"loc":{"start":{"line":374,"column":38},"end":{"line":374,"column":60}},"type":"default-arg","locations":[{"start":{"line":374,"column":54},"end":{"line":374,"column":60}}],"line":374},"91":{"loc":{"start":{"line":376,"column":2},"end":{"line":384,"column":null}},"type":"if","locations":[{"start":{"line":376,"column":2},"end":{"line":384,"column":null}},{"start":{},"end":{}}],"line":376},"92":{"loc":{"start":{"line":392,"column":2},"end":{"line":407,"column":null}},"type":"if","locations":[{"start":{"line":392,"column":2},"end":{"line":407,"column":null}},{"start":{},"end":{}}],"line":392},"93":{"loc":{"start":{"line":395,"column":31},"end":{"line":395,"column":63}},"type":"binary-expr","locations":[{"start":{"line":395,"column":31},"end":{"line":395,"column":54}},{"start":{"line":395,"column":58},"end":{"line":395,"column":63}}],"line":395},"94":{"loc":{"start":{"line":400,"column":6},"end":{"line":402,"column":null}},"type":"if","locations":[{"start":{"line":400,"column":6},"end":{"line":402,"column":null}},{"start":{},"end":{}}],"line":400},"95":{"loc":{"start":{"line":405,"column":4},"end":{"line":407,"column":null}},"type":"if","locations":[{"start":{"line":405,"column":4},"end":{"line":407,"column":null}},{"start":{},"end":{}}],"line":405},"96":{"loc":{"start":{"line":407,"column":24},"end":{"line":407,"column":null}},"type":"cond-expr","locations":[{"start":{"line":407,"column":32},"end":{"line":407,"column":78}},{"start":{"line":407,"column":78},"end":{"line":407,"column":null}}],"line":407},"97":{"loc":{"start":{"line":422,"column":47},"end":{"line":422,"column":71}},"type":"default-arg","locations":[{"start":{"line":422,"column":65},"end":{"line":422,"column":71}}],"line":422},"98":{"loc":{"start":{"line":423,"column":2},"end":{"line":430,"column":null}},"type":"if","locations":[{"start":{"line":423,"column":2},"end":{"line":430,"column":null}},{"start":{},"end":{}}],"line":423},"99":{"loc":{"start":{"line":428,"column":23},"end":{"line":428,"column":null}},"type":"binary-expr","locations":[{"start":{"line":428,"column":23},"end":{"line":428,"column":38}},{"start":{"line":428,"column":38},"end":{"line":428,"column":null}}],"line":428},"100":{"loc":{"start":{"line":434,"column":17},"end":{"line":434,"column":73}},"type":"binary-expr","locations":[{"start":{"line":434,"column":17},"end":{"line":434,"column":47}},{"start":{"line":434,"column":47},"end":{"line":434,"column":73}}],"line":434},"101":{"loc":{"start":{"line":435,"column":2},"end":{"line":440,"column":null}},"type":"if","locations":[{"start":{"line":435,"column":2},"end":{"line":440,"column":null}},{"start":{},"end":{}}],"line":435},"102":{"loc":{"start":{"line":449,"column":21},"end":{"line":449,"column":null}},"type":"binary-expr","locations":[{"start":{"line":449,"column":21},"end":{"line":449,"column":53}},{"start":{"line":449,"column":53},"end":{"line":449,"column":null}}],"line":449},"103":{"loc":{"start":{"line":455,"column":15},"end":{"line":455,"column":null}},"type":"cond-expr","locations":[{"start":{"line":455,"column":29},"end":{"line":455,"column":35}},{"start":{"line":455,"column":35},"end":{"line":455,"column":null}}],"line":455},"104":{"loc":{"start":{"line":455,"column":35},"end":{"line":455,"column":null}},"type":"cond-expr","locations":[{"start":{"line":455,"column":49},"end":{"line":455,"column":55}},{"start":{"line":455,"column":55},"end":{"line":455,"column":null}}],"line":455},"105":{"loc":{"start":{"line":460,"column":34},"end":{"line":460,"column":53}},"type":"default-arg","locations":[{"start":{"line":460,"column":41},"end":{"line":460,"column":53}}],"line":460},"106":{"loc":{"start":{"line":462,"column":2},"end":{"line":462,"column":null}},"type":"if","locations":[{"start":{"line":462,"column":2},"end":{"line":462,"column":null}},{"start":{},"end":{}}],"line":462}},"s":{"0":2,"1":2,"2":2,"3":2,"4":2,"5":0,"6":0,"7":7,"8":3,"9":3,"10":1,"11":2,"12":2,"13":2,"14":2,"15":2,"16":2,"17":2,"18":2,"19":2,"20":2,"21":2,"22":1,"23":2,"24":2,"25":0,"26":2,"27":1,"28":1,"29":1,"30":0,"31":1,"32":1,"33":0,"34":0,"35":0,"36":0,"37":3,"38":3,"39":3,"40":2,"41":2,"42":2,"43":2,"44":2,"45":0,"46":0,"47":0,"48":0,"49":0,"50":0,"51":0,"52":0,"53":0,"54":0,"55":0,"56":0,"57":0,"58":0,"59":0,"60":0,"61":0,"62":0,"63":0,"64":0,"65":0,"66":0,"67":0,"68":0,"69":0,"70":0,"71":0,"72":0,"73":0,"74":0,"75":0,"76":0,"77":0,"78":0,"79":0,"80":0,"81":0,"82":0,"83":0,"84":0,"85":0,"86":0,"87":0,"88":0,"89":0,"90":0,"91":0,"92":0,"93":0,"94":0,"95":0,"96":0,"97":0,"98":0,"99":0,"100":0,"101":0,"102":0,"103":0,"104":0,"105":0,"106":0,"107":0,"108":0,"109":0,"110":0,"111":0,"112":0,"113":0,"114":0,"115":0,"116":0,"117":0,"118":0,"119":0,"120":0,"121":0,"122":0,"123":0,"124":0,"125":0,"126":0,"127":0,"128":0,"129":0,"130":0,"131":0,"132":0,"133":0,"134":0,"135":0,"136":0,"137":0,"138":0,"139":0,"140":0,"141":0,"142":0,"143":0,"144":0,"145":0,"146":0,"147":0,"148":0,"149":0,"150":0,"151":0,"152":0,"153":0,"154":0,"155":0,"156":0,"157":0,"158":0,"159":0,"160":0,"161":0,"162":0,"163":0,"164":0,"165":0,"166":0,"167":0,"168":0,"169":0,"170":0,"171":0,"172":0,"173":0,"174":0,"175":0,"176":0,"177":0,"178":0,"179":0,"180":0,"181":0,"182":0,"183":0,"184":0,"185":0,"186":0,"187":0,"188":0,"189":0,"190":0,"191":0,"192":0,"193":0,"194":0,"195":0,"196":0,"197":0,"198":0,"199":0,"200":0,"201":0,"202":0,"203":0,"204":0,"205":0,"206":0,"207":0,"208":0,"209":0,"210":0,"211":0,"212":0,"213":0,"214":0,"215":0,"216":0,"217":0,"218":0,"219":0,"220":0,"221":0,"222":0,"223":0,"224":0,"225":0,"226":0,"227":0,"228":0,"229":0,"230":0,"231":0,"232":0,"233":0,"234":0,"235":0,"236":0,"237":0,"238":0,"239":0,"240":0,"241":0,"242":0,"243":0,"244":0,"245":0,"246":0,"247":0,"248":0,"249":0,"250":0,"251":0,"252":0,"253":0,"254":0,"255":0,"256":0,"257":0,"258":0,"259":0,"260":0,"261":0,"262":0,"263":0,"264":0,"265":0,"266":0,"267":0,"268":0,"269":0,"270":0,"271":0,"272":0,"273":0,"274":0,"275":0,"276":0},"f":{"0":0,"1":0,"2":7,"3":3,"4":2,"5":3,"6":2,"7":0,"8":0,"9":0,"10":0,"11":0,"12":0,"13":0,"14":0,"15":0,"16":0,"17":0,"18":0,"19":0,"20":0,"21":0,"22":0,"23":0,"24":0,"25":0,"26":0,"27":0,"28":0,"29":0,"30":0,"31":0,"32":0,"33":0,"34":0,"35":0,"36":0,"37":0,"38":0,"39":0,"40":0,"41":0,"42":0,"43":0,"44":0,"45":0},"b":{"0":[0,0],"1":[7,1],"2":[3,0],"3":[1,2],"4":[0,2],"5":[0,0],"6":[0,2],"7":[0,2],"8":[0,2],"9":[1,1],"10":[2,0],"11":[0,2],"12":[1,1],"13":[0,1],"14":[1,0],"15":[0,0],"16":[0,0],"17":[0,0],"18":[0,0],"19":[0,0],"20":[0,0],"21":[0,0],"22":[0,0],"23":[0,0],"24":[0,0],"25":[0,0],"26":[0,0],"27":[0,0],"28":[0,0],"29":[0,0,0,0],"30":[0,0],"31":[0,0],"32":[0,0,0,0],"33":[0,0],"34":[0,0],"35":[0,0],"36":[0,0],"37":[0,0],"38":[0,0],"39":[0,0],"40":[0,0],"41":[0,0],"42":[0,0],"43":[0,0],"44":[0,0],"45":[0,0],"46":[0,0],"47":[0,0],"48":[0,0],"49":[0,0],"50":[0,0],"51":[0,0],"52":[0,0],"53":[0,0],"54":[0,0],"55":[0,0],"56":[0,0],"57":[0,0],"58":[0,0],"59":[0,0],"60":[0,0],"61":[0,0],"62":[0],"63":[0,0],"64":[0,0],"65":[0,0],"66":[0,0],"67":[0,0],"68":[0,0],"69":[0,0],"70":[0,0],"71":[0,0],"72":[0,0],"73":[0],"74":[0,0],"75":[0,0],"76":[0,0],"77":[0,0],"78":[0,0],"79":[0,0],"80":[0,0],"81":[0,0],"82":[0,0],"83":[0,0],"84":[0,0],"85":[0,0],"86":[0,0],"87":[0,0],"88":[0,0],"89":[0,0],"90":[0],"91":[0,0],"92":[0,0],"93":[0,0],"94":[0,0],"95":[0,0],"96":[0,0],"97":[0],"98":[0,0],"99":[0,0],"100":[0,0],"101":[0,0],"102":[0,0],"103":[0,0],"104":[0,0],"105":[0],"106":[0,0]},"meta":{"lastBranch":107,"lastFunction":46,"lastStatement":277,"seen":{"s:2:20:2:Infinity":0,"s:3:19:3:Infinity":1,"s:5:30:5:Infinity":2,"s:7:26:7:Infinity":3,"s:9:19:9:Infinity":4,"f:11:9:11:15":0,"s:12:2:12:Infinity":5,"f:15:16:15:35":1,"s:16:2:16:Infinity":6,"b:16:16:16:24:16:24:16:27":0,"f:19:16:19:31":2,"s:20:2:20:Infinity":7,"b:20:46:20:57:20:57:20:60":1,"f:24:16:24:35":3,"s:25:17:25:67":8,"b:25:24:25:33:25:33:25:36":2,"b:26:2:26:Infinity:undefined:undefined:undefined:undefined":3,"s:26:2:26:Infinity":9,"s:26:15:26:Infinity":10,"s:28:12:28:Infinity":11,"b:29:2:29:Infinity:undefined:undefined:undefined:undefined":4,"s:29:2:29:Infinity":12,"s:29:14:29:Infinity":13,"b:29:31:29:61:29:61:29:Infinity":5,"b:30:2:30:Infinity:undefined:undefined:undefined:undefined":6,"s:30:2:30:Infinity":14,"s:30:15:30:Infinity":15,"b:31:2:31:Infinity:undefined:undefined:undefined:undefined":7,"s:31:2:31:Infinity":16,"s:31:15:31:Infinity":17,"b:32:2:32:Infinity:undefined:undefined:undefined:undefined":8,"s:32:2:32:Infinity":18,"s:32:15:32:Infinity":19,"b:33:2:33:Infinity:undefined:undefined:undefined:undefined":9,"s:33:2:33:Infinity":20,"s:33:15:33:Infinity":21,"s:34:2:34:Infinity":22,"f:38:16:38:37":4,"s:39:18:39:44":23,"b:39:25:39:34:39:34:39:37":10,"b:40:2:40:Infinity:undefined:undefined:undefined:undefined":11,"s:40:2:40:Infinity":24,"s:40:16:40:Infinity":25,"b:41:2:41:Infinity:undefined:undefined:undefined:undefined":12,"s:41:2:41:Infinity":26,"s:41:31:41:Infinity":27,"s:43:17:43:43":28,"b:44:2:44:Infinity:undefined:undefined:undefined:undefined":13,"s:44:2:44:Infinity":29,"s:44:15:44:Infinity":30,"b:46:2:47:Infinity:undefined:undefined:undefined:undefined":14,"s:46:2:47:Infinity":31,"s:47:4:47:Infinity":32,"b:50:2:52:Infinity:undefined:undefined:undefined:undefined":15,"s:50:2:52:Infinity":33,"s:51:19:51:60":34,"s:52:4:52:Infinity":35,"b:52:36:52:45:52:45:52:Infinity":16,"s:55:2:55:Infinity":36,"f:58:16:58:28":5,"s:59:23:59:56":37,"s:60:21:60:38":38,"s:61:2:61:Infinity":39,"f:64:16:64:28":6,"s:65:18:65:45":40,"s:66:18:66:45":41,"s:67:18:67:54":42,"s:68:17:68:Infinity":43,"s:69:2:69:Infinity":44,"f:72:9:72:21":7,"b:73:2:73:Infinity:undefined:undefined:undefined:undefined":17,"s:73:2:73:Infinity":45,"s:73:12:73:Infinity":46,"s:74:17:74:32":47,"b:75:2:75:Infinity:undefined:undefined:undefined:undefined":18,"s:75:2:75:Infinity":48,"b:75:6:75:17:75:17:75:45":19,"s:75:45:75:Infinity":49,"s:76:2:79:Infinity":50,"b:77:43:77:59:77:59:77:61":20,"b:78:39:78:53:78:53:78:Infinity":21,"f:82:9:82:33":8,"s:83:14:83:46":51,"b:84:2:84:Infinity:undefined:undefined:undefined:undefined":22,"s:84:2:84:Infinity":52,"s:84:12:84:Infinity":53,"s:86:2:89:Infinity":54,"s:87:4:87:Infinity":55,"s:89:4:89:Infinity":56,"b:91:2:91:Infinity:undefined:undefined:undefined:undefined":23,"s:91:2:91:Infinity":57,"b:91:6:91:28:91:32:91:53":24,"s:91:53:91:Infinity":58,"s:93:17:93:19":59,"s:94:15:94:17":60,"s:95:19:95:28":61,"s:97:2:143:Infinity":62,"s:98:20:98:Infinity":63,"s:99:18:99:Infinity":64,"s:100:17:100:Infinity":65,"s:101:15:101:52":66,"s:102:19:102:Infinity":67,"s:103:15:103:Infinity":68,"b:105:4:120:Infinity:107:15:120:Infinity":25,"s:105:4:120:Infinity":69,"s:106:6:106:Infinity":70,"b:106:31:106:54:106:57:106:73":26,"b:107:15:120:Infinity:undefined:undefined:undefined:undefined":27,"s:107:15:120:Infinity":71,"b:107:15:107:23:107:23:107:49":28,"s:108:6:108:Infinity":72,"b:108:25:108:41:108:41:108:55:108:55:108:73:108:73:108:83":29,"b:109:6:115:Infinity:112:13:115:Infinity":30,"s:109:6:115:Infinity":73,"b:109:10:109:23:109:23:109:48":31,"s:110:8:110:Infinity":74,"s:111:8:111:Infinity":75,"s:113:18:113:83":76,"b:113:25:113:41:113:41:113:54:113:54:113:69:113:69:113:83":32,"b:114:8:115:Infinity:undefined:undefined:undefined:undefined":33,"s:114:8:115:Infinity":77,"s:115:10:115:Infinity":78,"b:115:39:115:59:115:62:115:75":34,"b:115:19:115:30:115:30:115:39":35,"b:118:6:118:Infinity:undefined:undefined:undefined:undefined":36,"s:118:6:118:Infinity":79,"b:118:10:118:23:118:23:118:54":37,"s:118:54:118:Infinity":80,"b:119:6:119:Infinity:undefined:undefined:undefined:undefined":38,"s:119:6:119:Infinity":81,"s:119:46:119:Infinity":82,"s:120:6:120:Infinity":83,"b:120:20:120:33:120:33:120:36":39,"b:123:4:123:Infinity:undefined:undefined:undefined:undefined":40,"s:123:4:123:Infinity":84,"b:123:8:123:32:123:36:123:49":41,"s:123:49:123:Infinity":85,"b:124:4:124:Infinity:undefined:undefined:undefined:undefined":42,"s:124:4:124:Infinity":86,"s:124:18:124:Infinity":87,"s:126:17:126:46":88,"s:127:18:127:36":89,"b:128:4:131:Infinity:undefined:undefined:undefined:undefined":43,"s:128:4:131:Infinity":90,"s:129:6:129:Infinity":91,"s:130:6:130:Infinity":92,"b:130:39:130:52:130:52:130:72":44,"s:131:6:131:Infinity":93,"s:134:4:143:Infinity":94,"b:142:17:142:36:142:36:142:Infinity":45,"b:146:2:146:Infinity:undefined:undefined:undefined:undefined":46,"s:146:2:146:Infinity":95,"s:146:20:146:Infinity":96,"s:147:2:147:Infinity":97,"f:150:9:150:24":9,"s:151:2:151:Infinity":98,"b:152:2:153:Infinity:undefined:undefined:undefined:undefined":47,"s:152:2:153:Infinity":99,"s:153:4:153:Infinity":100,"f:157:16:157:29":10,"s:158:2:171:Infinity":101,"s:159:14:159:47":102,"b:160:4:167:Infinity:undefined:undefined:undefined:undefined":48,"s:160:4:167:Infinity":103,"s:161:23:161:46":104,"b:162:6:165:Infinity:undefined:undefined:undefined:undefined":49,"s:162:6:165:Infinity":105,"s:163:8:163:Infinity":106,"s:164:8:164:Infinity":107,"s:165:8:165:Infinity":108,"s:167:6:167:Infinity":109,"s:169:4:169:Infinity":110,"s:171:4:171:Infinity":111,"f:175:16:175:32":11,"s:176:15:176:44":112,"b:177:2:177:Infinity:undefined:undefined:undefined:undefined":50,"s:177:2:177:Infinity":113,"s:177:13:177:Infinity":114,"s:178:2:178:Infinity":115,"b:178:9:178:69:178:73:178:Infinity":51,"f:178:21:178:27":12,"s:178:33:178:69":116,"f:181:16:181:29":13,"s:182:2:182:Infinity":117,"b:182:9:182:50:182:54:182:Infinity":52,"f:182:21:182:27":14,"s:182:33:182:50":118,"f:185:16:185:32":15,"s:186:2:186:Infinity":119,"f:190:16:190:41":16,"s:191:2:191:Infinity":120,"f:195:16:195:42":17,"s:196:18:196:48":121,"b:196:25:196:38:196:38:196:41":53,"b:197:2:197:Infinity:undefined:undefined:undefined:undefined":54,"s:197:2:197:Infinity":122,"b:197:6:197:18:197:18:197:42":55,"s:197:44:197:Infinity":123,"s:198:16:198:36":124,"s:199:16:199:46":125,"s:200:20:200:84":126,"b:200:28:200:79:200:82:200:84":56,"f:200:38:200:46":18,"s:200:54:200:79":127,"b:201:2:207:Infinity:undefined:undefined:undefined:undefined":57,"s:201:2:207:Infinity":128,"s:202:4:207:Infinity":129,"s:209:25:209:72":130,"f:209:47:209:52":19,"s:209:60:209:71":131,"b:210:2:210:Infinity:undefined:undefined:undefined:undefined":58,"s:210:2:210:Infinity":132,"s:210:31:210:Infinity":133,"s:211:24:211:Infinity":134,"s:212:2:217:Infinity":135,"f:220:9:220:21":20,"s:221:18:221:48":136,"b:221:25:221:38:221:38:221:41":59,"b:222:2:223:Infinity:undefined:undefined:undefined:undefined":60,"s:222:2:223:Infinity":137,"s:223:4:223:Infinity":138,"s:225:19:225:49":139,"b:226:2:227:Infinity:undefined:undefined:undefined:undefined":61,"s:226:2:227:Infinity":140,"s:227:4:227:Infinity":141,"s:229:16:229:Infinity":142,"s:230:2:230:Infinity":143,"s:231:2:231:Infinity":144,"f:234:16:234:28":21,"b:234:70:234:76":62,"s:235:22:235:52":145,"b:235:29:235:42:235:42:235:45":63,"s:236:22:236:47":146,"b:236:29:236:37:236:37:236:40":64,"s:237:22:237:47":147,"b:237:29:237:37:237:37:237:40":65,"b:239:2:239:Infinity:undefined:undefined:undefined:undefined":66,"s:239:2:239:Infinity":148,"s:239:20:239:Infinity":149,"b:240:2:240:Infinity:undefined:undefined:undefined:undefined":67,"s:240:2:240:Infinity":150,"s:240:20:240:Infinity":151,"b:241:2:242:Infinity:undefined:undefined:undefined:undefined":68,"s:241:2:242:Infinity":152,"s:242:4:242:Infinity":153,"b:244:2:244:Infinity:undefined:undefined:undefined:undefined":69,"s:244:2:244:Infinity":154,"s:244:38:244:Infinity":155,"s:246:15:246:27":156,"s:247:14:247:48":157,"b:248:2:249:Infinity:undefined:undefined:undefined:undefined":70,"s:248:2:249:Infinity":158,"s:249:4:249:Infinity":159,"s:252:17:261:Infinity":160,"b:259:17:259:25:259:25:259:28":71,"s:263:2:263:Infinity":161,"s:264:2:267:Infinity":162,"s:265:4:265:Infinity":163,"s:267:4:267:Infinity":164,"s:269:2:269:Infinity":165,"f:272:16:272:30":22,"s:273:15:273:27":166,"s:274:17:274:Infinity":167,"s:275:2:275:Infinity":168,"f:275:24:275:32":23,"s:275:40:275:57":169,"b:276:2:276:Infinity:undefined:undefined:undefined:undefined":72,"s:276:2:276:Infinity":170,"s:276:35:276:Infinity":171,"s:277:2:280:Infinity":172,"s:278:4:278:Infinity":173,"s:280:4:280:Infinity":174,"s:282:2:282:Infinity":175,"f:285:16:285:27":24,"b:285:49:285:55":73,"s:286:2:294:Infinity":176,"f:287:5:287:13":25,"s:287:21:287:69":177,"b:287:21:287:39:287:39:287:69":74,"f:288:5:288:10":26,"s:289:20:289:51":178,"s:290:6:293:Infinity":179,"b:292:19:292:34:292:34:292:Infinity":75,"f:297:16:297:25":27,"s:298:15:298:24":180,"b:299:2:300:Infinity:undefined:undefined:undefined:undefined":76,"s:299:2:300:Infinity":181,"s:300:4:300:Infinity":182,"f:300:16:300:22":28,"s:300:31:300:80":183,"b:300:31:300:54:300:54:300:80":77,"s:302:2:306:Infinity":184,"f:302:14:302:20":29,"s:303:20:303:48":185,"b:304:4:304:Infinity:undefined:undefined:undefined:undefined":78,"s:304:4:304:Infinity":186,"s:304:23:304:Infinity":187,"s:305:4:305:Infinity":188,"f:309:16:309:30":30,"b:310:2:310:Infinity:undefined:undefined:undefined:undefined":79,"s:310:2:310:Infinity":189,"s:310:20:310:Infinity":190,"s:311:2:311:Infinity":191,"f:311:26:311:31":31,"s:311:37:311:46":192,"f:315:16:315:39":32,"s:316:14:316:51":193,"f:316:24:316:30":33,"s:316:36:316:51":194,"b:317:2:317:Infinity:undefined:undefined:undefined:undefined":80,"s:317:2:317:Infinity":195,"s:317:12:317:Infinity":196,"s:318:20:318:70":197,"f:318:30:318:38":34,"s:318:44:318:70":198,"b:319:2:319:Infinity:undefined:undefined:undefined:undefined":81,"s:319:2:319:Infinity":199,"s:319:25:319:Infinity":200,"s:320:17:320:60":201,"f:320:39:320:44":35,"s:320:50:320:59":202,"s:321:2:321:Infinity":203,"f:324:16:324:37":36,"s:325:15:325:37":204,"b:326:2:326:Infinity:undefined:undefined:undefined:undefined":82,"s:326:2:326:Infinity":205,"s:326:20:326:Infinity":206,"s:328:17:328:26":207,"s:329:2:330:Infinity":208,"s:330:4:330:Infinity":209,"b:330:29:330:52:330:56:330:61":83,"s:332:12:332:Infinity":210,"s:333:14:333:Infinity":211,"s:334:2:337:Infinity":212,"b:335:4:337:Infinity:undefined:undefined:undefined:undefined":84,"s:335:4:337:Infinity":213,"s:336:6:336:Infinity":214,"s:337:6:337:Infinity":215,"s:340:2:340:Infinity":216,"f:344:16:344:41":37,"b:345:2:345:Infinity:undefined:undefined:undefined:undefined":85,"s:345:2:345:Infinity":217,"b:345:6:345:23:345:23:345:40":86,"s:345:40:345:Infinity":218,"s:347:17:350:Infinity":219,"f:347:27:347:33":38,"s:348:14:348:42":220,"s:349:4:349:Infinity":221,"b:349:21:349:25:349:25:349:Infinity":87,"s:352:15:352:Infinity":222,"s:353:19:353:Infinity":223,"s:355:2:367:Infinity":224,"s:355:15:355:18":225,"s:356:16:356:Infinity":226,"b:357:4:367:Infinity:undefined:undefined:undefined:undefined":88,"s:357:4:367:Infinity":227,"s:358:29:358:Infinity":228,"s:359:22:359:Infinity":229,"s:360:6:366:Infinity":230,"s:367:6:367:Infinity":231,"s:371:2:371:Infinity":232,"b:371:32:371:45:371:45:371:Infinity":89,"f:374:16:374:32":39,"b:374:54:374:60":90,"s:375:15:375:46":233,"b:376:2:384:Infinity:undefined:undefined:undefined:undefined":91,"s:376:2:384:Infinity":234,"s:377:4:384:Infinity":235,"s:387:17:387:55":236,"f:387:34:387:39":40,"s:387:45:387:54":237,"s:388:16:388:Infinity":238,"f:388:21:388:29":41,"s:388:40:388:56":239,"s:389:22:389:52":240,"s:391:24:391:Infinity":241,"b:392:2:407:Infinity:undefined:undefined:undefined:undefined":92,"s:392:2:407:Infinity":242,"s:393:19:393:28":243,"s:394:4:395:Infinity":244,"s:395:6:395:Infinity":245,"b:395:31:395:54:395:58:395:63":93,"s:397:14:397:Infinity":246,"s:398:16:398:Infinity":247,"s:399:4:402:Infinity":248,"b:400:6:402:Infinity:undefined:undefined:undefined:undefined":94,"s:400:6:402:Infinity":249,"s:401:8:401:Infinity":250,"s:402:8:402:Infinity":251,"b:405:4:407:Infinity:undefined:undefined:undefined:undefined":95,"s:405:4:407:Infinity":252,"s:406:20:406:45":253,"s:407:6:407:Infinity":254,"b:407:32:407:78:407:78:407:Infinity":96,"s:411:2:418:Infinity":255,"f:422:16:422:41":42,"b:422:65:422:71":97,"b:423:2:430:Infinity:undefined:undefined:undefined:undefined":98,"s:423:2:430:Infinity":256,"s:424:19:424:57":257,"s:425:18:425:53":258,"s:426:4:430:Infinity":259,"b:428:23:428:38:428:38:428:Infinity":99,"s:433:17:433:44":260,"s:434:17:434:73":261,"b:434:17:434:47:434:47:434:73":100,"b:435:2:440:Infinity:undefined:undefined:undefined:undefined":101,"s:435:2:440:Infinity":262,"s:436:4:440:Infinity":263,"s:443:17:443:46":264,"s:444:2:451:Infinity":265,"b:449:21:449:53:449:53:449:Infinity":102,"f:454:16:454:34":43,"s:455:15:455:Infinity":266,"b:455:29:455:35:455:35:455:Infinity":103,"b:455:49:455:55:455:55:455:Infinity":104,"s:456:14:456:43":267,"s:457:2:457:Infinity":268,"f:460:16:460:34":44,"b:460:41:460:53":105,"s:461:15:461:31":269,"b:462:2:462:Infinity:undefined:undefined:undefined:undefined":106,"s:462:2:462:Infinity":270,"s:462:20:462:Infinity":271,"s:464:23:464:45":272,"s:465:20:465:Infinity":273,"s:467:18:470:5":274,"f:467:43:467:48":45,"s:467:57:470:5":275,"s:472:2:477:Infinity":276}}}
,"C:\\Users\\rjpva\\Documents\\school\\Stage\\tweede stage\\Stage bij Developing\\Developing opdrachten\\AutoDash\\AutoDash\\autodash\\src\\utils\\themeClasses.js": {"path":"C:\\Users\\rjpva\\Documents\\school\\Stage\\tweede stage\\Stage bij Developing\\Developing opdrachten\\AutoDash\\AutoDash\\autodash\\src\\utils\\themeClasses.js","statementMap":{"0":{"start":{"line":3,"column":25},"end":{"line":3,"column":null}},"1":{"start":{"line":4,"column":23},"end":{"line":4,"column":null}},"2":{"start":{"line":5,"column":28},"end":{"line":5,"column":null}},"3":{"start":{"line":7,"column":29},"end":{"line":7,"column":null}},"4":{"start":{"line":8,"column":28},"end":{"line":8,"column":null}},"5":{"start":{"line":10,"column":25},"end":{"line":10,"column":null}},"6":{"start":{"line":11,"column":25},"end":{"line":11,"column":null}},"7":{"start":{"line":12,"column":24},"end":{"line":12,"column":null}},"8":{"start":{"line":13,"column":29},"end":{"line":13,"column":null}},"9":{"start":{"line":14,"column":28},"end":{"line":14,"column":null}},"10":{"start":{"line":16,"column":27},"end":{"line":16,"column":null}},"11":{"start":{"line":17,"column":31},"end":{"line":17,"column":null}},"12":{"start":{"line":18,"column":27},"end":{"line":18,"column":null}},"13":{"start":{"line":20,"column":27},"end":{"line":20,"column":null}},"14":{"start":{"line":22,"column":2},"end":{"line":22,"column":null}},"15":{"start":{"line":24,"column":31},"end":{"line":24,"column":null}},"16":{"start":{"line":25,"column":25},"end":{"line":25,"column":null}},"17":{"start":{"line":26,"column":29},"end":{"line":26,"column":null}},"18":{"start":{"line":27,"column":27},"end":{"line":27,"column":null}},"19":{"start":{"line":29,"column":32},"end":{"line":29,"column":null}},"20":{"start":{"line":30,"column":38},"end":{"line":30,"column":null}},"21":{"start":{"line":31,"column":35},"end":{"line":31,"column":null}},"22":{"start":{"line":32,"column":34},"end":{"line":32,"column":null}},"23":{"start":{"line":33,"column":33},"end":{"line":33,"column":null}},"24":{"start":{"line":34,"column":35},"end":{"line":34,"column":null}},"25":{"start":{"line":35,"column":30},"end":{"line":35,"column":null}},"26":{"start":{"line":38,"column":2},"end":{"line":38,"column":null}},"27":{"start":{"line":40,"column":27},"end":{"line":40,"column":null}},"28":{"start":{"line":41,"column":31},"end":{"line":41,"column":null}},"29":{"start":{"line":42,"column":28},"end":{"line":42,"column":null}},"30":{"start":{"line":44,"column":26},"end":{"line":44,"column":null}},"31":{"start":{"line":46,"column":27},"end":{"line":46,"column":null}},"32":{"start":{"line":47,"column":32},"end":{"line":47,"column":null}},"33":{"start":{"line":48,"column":32},"end":{"line":48,"column":null}},"34":{"start":{"line":49,"column":25},"end":{"line":49,"column":null}},"35":{"start":{"line":52,"column":2},"end":{"line":52,"column":null}},"36":{"start":{"line":54,"column":21},"end":{"line":54,"column":null}},"37":{"start":{"line":55,"column":26},"end":{"line":55,"column":null}},"38":{"start":{"line":57,"column":25},"end":{"line":57,"column":null}},"39":{"start":{"line":59,"column":2},"end":{"line":59,"column":null}},"40":{"start":{"line":61,"column":2},"end":{"line":61,"column":null}},"41":{"start":{"line":62,"column":25},"end":{"line":62,"column":null}},"42":{"start":{"line":64,"column":2},"end":{"line":64,"column":null}},"43":{"start":{"line":66,"column":33},"end":{"line":66,"column":null}},"44":{"start":{"line":67,"column":27},"end":{"line":67,"column":null}},"45":{"start":{"line":69,"column":2},"end":{"line":69,"column":null}},"46":{"start":{"line":70,"column":27},"end":{"line":70,"column":null}},"47":{"start":{"line":71,"column":32},"end":{"line":71,"column":null}},"48":{"start":{"line":72,"column":36},"end":{"line":72,"column":null}},"49":{"start":{"line":73,"column":35},"end":{"line":73,"column":null}},"50":{"start":{"line":74,"column":35},"end":{"line":74,"column":null}},"51":{"start":{"line":75,"column":41},"end":{"line":75,"column":null}},"52":{"start":{"line":77,"column":24},"end":{"line":77,"column":null}},"53":{"start":{"line":79,"column":28},"end":{"line":79,"column":null}},"54":{"start":{"line":81,"column":2},"end":{"line":81,"column":null}},"55":{"start":{"line":84,"column":2},"end":{"line":84,"column":null}},"56":{"start":{"line":86,"column":28},"end":{"line":86,"column":null}},"57":{"start":{"line":87,"column":29},"end":{"line":87,"column":null}},"58":{"start":{"line":88,"column":35},"end":{"line":88,"column":null}},"59":{"start":{"line":89,"column":26},"end":{"line":89,"column":null}},"60":{"start":{"line":91,"column":31},"end":{"line":91,"column":null}},"61":{"start":{"line":93,"column":30},"end":{"line":93,"column":null}},"62":{"start":{"line":94,"column":32},"end":{"line":94,"column":null}},"63":{"start":{"line":96,"column":30},"end":{"line":96,"column":null}},"64":{"start":{"line":97,"column":29},"end":{"line":97,"column":null}},"65":{"start":{"line":99,"column":30},"end":{"line":99,"column":null}},"66":{"start":{"line":100,"column":24},"end":{"line":100,"column":null}},"67":{"start":{"line":101,"column":24},"end":{"line":101,"column":null}},"68":{"start":{"line":102,"column":26},"end":{"line":102,"column":null}},"69":{"start":{"line":103,"column":25},"end":{"line":103,"column":null}},"70":{"start":{"line":104,"column":26},"end":{"line":104,"column":null}},"71":{"start":{"line":105,"column":27},"end":{"line":105,"column":null}},"72":{"start":{"line":106,"column":28},"end":{"line":106,"column":null}},"73":{"start":{"line":109,"column":36},"end":{"line":167,"column":null}}},"fnMap":{},"branchMap":{},"s":{"0":2,"1":2,"2":2,"3":2,"4":2,"5":2,"6":2,"7":2,"8":2,"9":2,"10":2,"11":2,"12":2,"13":2,"14":2,"15":2,"16":2,"17":2,"18":2,"19":2,"20":2,"21":2,"22":2,"23":2,"24":2,"25":2,"26":2,"27":2,"28":2,"29":2,"30":2,"31":2,"32":2,"33":2,"34":2,"35":2,"36":2,"37":2,"38":2,"39":2,"40":2,"41":2,"42":2,"43":2,"44":2,"45":2,"46":2,"47":2,"48":2,"49":2,"50":2,"51":2,"52":2,"53":2,"54":2,"55":2,"56":2,"57":2,"58":2,"59":2,"60":2,"61":2,"62":2,"63":2,"64":2,"65":2,"66":2,"67":2,"68":2,"69":2,"70":2,"71":2,"72":2,"73":2},"f":{},"b":{},"meta":{"lastBranch":0,"lastFunction":0,"lastStatement":74,"seen":{"s:3:25:3:Infinity":0,"s:4:23:4:Infinity":1,"s:5:28:5:Infinity":2,"s:7:29:7:Infinity":3,"s:8:28:8:Infinity":4,"s:10:25:10:Infinity":5,"s:11:25:11:Infinity":6,"s:12:24:12:Infinity":7,"s:13:29:13:Infinity":8,"s:14:28:14:Infinity":9,"s:16:27:16:Infinity":10,"s:17:31:17:Infinity":11,"s:18:27:18:Infinity":12,"s:20:27:20:Infinity":13,"s:22:2:22:Infinity":14,"s:24:31:24:Infinity":15,"s:25:25:25:Infinity":16,"s:26:29:26:Infinity":17,"s:27:27:27:Infinity":18,"s:29:32:29:Infinity":19,"s:30:38:30:Infinity":20,"s:31:35:31:Infinity":21,"s:32:34:32:Infinity":22,"s:33:33:33:Infinity":23,"s:34:35:34:Infinity":24,"s:35:30:35:Infinity":25,"s:38:2:38:Infinity":26,"s:40:27:40:Infinity":27,"s:41:31:41:Infinity":28,"s:42:28:42:Infinity":29,"s:44:26:44:Infinity":30,"s:46:27:46:Infinity":31,"s:47:32:47:Infinity":32,"s:48:32:48:Infinity":33,"s:49:25:49:Infinity":34,"s:52:2:52:Infinity":35,"s:54:21:54:Infinity":36,"s:55:26:55:Infinity":37,"s:57:25:57:Infinity":38,"s:59:2:59:Infinity":39,"s:61:2:61:Infinity":40,"s:62:25:62:Infinity":41,"s:64:2:64:Infinity":42,"s:66:33:66:Infinity":43,"s:67:27:67:Infinity":44,"s:69:2:69:Infinity":45,"s:70:27:70:Infinity":46,"s:71:32:71:Infinity":47,"s:72:36:72:Infinity":48,"s:73:35:73:Infinity":49,"s:74:35:74:Infinity":50,"s:75:41:75:Infinity":51,"s:77:24:77:Infinity":52,"s:79:28:79:Infinity":53,"s:81:2:81:Infinity":54,"s:84:2:84:Infinity":55,"s:86:28:86:Infinity":56,"s:87:29:87:Infinity":57,"s:88:35:88:Infinity":58,"s:89:26:89:Infinity":59,"s:91:31:91:Infinity":60,"s:93:30:93:Infinity":61,"s:94:32:94:Infinity":62,"s:96:30:96:Infinity":63,"s:97:29:97:Infinity":64,"s:99:30:99:Infinity":65,"s:100:24:100:Infinity":66,"s:101:24:101:Infinity":67,"s:102:26:102:Infinity":68,"s:103:25:103:Infinity":69,"s:104:26:104:Infinity":70,"s:105:27:105:Infinity":71,"s:106:28:106:Infinity":72,"s:109:36:167:Infinity":73}}}
}
